\BOOKMARK [1][-]{section.1}{Introduction}{}% 1
\BOOKMARK [1][-]{section.2}{Statement of Thesis}{}% 2
\BOOKMARK [1][-]{section.3}{Preliminaries}{}% 3
\BOOKMARK [2][-]{subsection.3.1}{Relational Databases and Relational Algebra}{section.3}% 4
\BOOKMARK [2][-]{subsection.3.2}{Formula Choice Calculus and Annotation}{section.3}% 5
\BOOKMARK [1][-]{section.4}{Research Goals and Approaches}{}% 6
\BOOKMARK [2][-]{subsection.4.1}{Identify the kinds of variation existing in relational databases in different application domains}{section.4}% 7
\BOOKMARK [3][-]{subsubsection.4.1.1}{Motivating Example}{subsection.4.1}% 8
\BOOKMARK [3][-]{subsubsection.4.1.2}{Encoding Variability}{subsection.4.1}% 9
\BOOKMARK [2][-]{subsection.4.2}{Design and implement a database framework that accommodate identified variations}{section.4}% 10
\BOOKMARK [2][-]{subsection.4.3}{Variational Set}{section.4}% 11
\BOOKMARK [3][-]{subsubsection.4.3.1}{Variational Schema}{subsection.4.3}% 12
\BOOKMARK [3][-]{subsubsection.4.3.2}{Variational Table}{subsection.4.3}% 13
\BOOKMARK [3][-]{subsubsection.4.3.3}{Variational Relational Algebra}{subsection.4.3}% 14
\BOOKMARK [3][-]{subsubsection.4.3.4}{VDBMS Architecture}{subsection.4.3}% 15
\BOOKMARK [2][-]{subsection.4.4}{Demonstrate how the proposed system manages variation in databases in different application domains and how effective and efficient it is}{section.4}% 16
\BOOKMARK [2][-]{subsection.4.5}{Mechanize proofs of properties of the language and the system}{section.4}% 17
\BOOKMARK [3][-]{subsubsection.4.5.1}{Property Checking over a VDB}{subsection.4.5}% 18
\BOOKMARK [3][-]{subsubsection.4.5.2}{Well-Typed \(Valid\) Query}{subsection.4.5}% 19
\BOOKMARK [3][-]{subsubsection.4.5.3}{Explicitly Annotating Queries}{subsection.4.5}% 20
\BOOKMARK [3][-]{subsubsection.4.5.4}{Variation-Preserving Property with respect to. Schema}{subsection.4.5}% 21
\BOOKMARK [3][-]{subsubsection.4.5.5}{Variation Minimization}{subsection.4.5}% 22
\BOOKMARK [2][-]{subsection.4.6}{Stretch goal: Generalize the encoding of variation to make the framework customizable for different application domains}{section.4}% 23
\BOOKMARK [2][-]{subsection.4.7}{Summary}{section.4}% 24
\BOOKMARK [1][-]{section.5}{Related Work}{}% 25
\BOOKMARK [1][-]{section.6}{Conclusion}{}% 26
\BOOKMARK [1][-]{appendix.A}{Variational Case Studies}{}% 27
\BOOKMARK [2][-]{subsection.A.1}{Variation in Space: Email SPL Case Study}{appendix.A}% 28
\BOOKMARK [3][-]{subsubsection.A.1.1}{Variation Scenario: An Email SPL}{subsection.A.1}% 29
\BOOKMARK [3][-]{subsubsection.A.1.2}{Generating V-Schema of the Email SPL VDB}{subsection.A.1}% 30
\BOOKMARK [3][-]{subsubsection.A.1.3}{Populating the Email SPL VDB}{subsection.A.1}% 31
\BOOKMARK [2][-]{subsection.A.2}{Variation in Time: Employee Case Study}{appendix.A}% 32
\BOOKMARK [3][-]{subsubsection.A.2.1}{Variation Scenario: An Evolving Employee Database}{subsection.A.2}% 33
\BOOKMARK [3][-]{subsubsection.A.2.2}{Generating V-Schema of the Employee VDB}{subsection.A.2}% 34
\BOOKMARK [3][-]{subsubsection.A.2.3}{Populating the Employee VDB}{subsection.A.2}% 35
\BOOKMARK [1][-]{appendix.B}{Variational Queries for Variational Case Studies}{}% 36
\BOOKMARK [2][-]{subsection.B.1}{Email Query Set}{appendix.B}% 37
\BOOKMARK [2][-]{subsection.B.2}{Employee Query Set}{appendix.B}% 38
