This is pdfTeX, Version 3.14159265-2.6-1.40.20 (TeX Live 2019) (preloaded format=pdflatex 2019.5.8)  8 NOV 2020 18:29
entering extended mode
 restricted \write18 enabled.
 file:line:error style messages enabled.
 %&-line parsing enabled.
**proposal.tex
(./proposal.tex
LaTeX2e <2018-12-01>
(/usr/local/texlive/2019/texmf-dist/tex/latex/base/article.cls
Document Class: article 2018/09/03 v1.4i Standard LaTeX document class
(/usr/local/texlive/2019/texmf-dist/tex/latex/base/size11.clo
File: size11.clo 2018/09/03 v1.4i Standard LaTeX file (size option)
)
\c@part=\count80
\c@section=\count81
\c@subsection=\count82
\c@subsubsection=\count83
\c@paragraph=\count84
\c@subparagraph=\count85
\c@figure=\count86
\c@table=\count87
\abovecaptionskip=\skip41
\belowcaptionskip=\skip42
\bibindent=\dimen102
)
(/usr/local/texlive/2019/texmf-dist/tex/latex/natbib/natbib.sty
Package: natbib 2010/09/13 8.31b (PWD, AO)
\bibhang=\skip43
\bibsep=\skip44
LaTeX Info: Redefining \cite on input line 694.
\c@NAT@ctr=\count88
)
(/usr/local/texlive/2019/texmf-dist/tex/latex/psnfss/mathptmx.sty
Package: mathptmx 2005/04/12 PSNFSS-v9.2a Times w/ Math, improved (SPQR, WaS) 
LaTeX Font Info:    Redeclaring symbol font `operators' on input line 28.
LaTeX Font Info:    Overwriting symbol font `operators' in version `normal'
(Font)                  OT1/cmr/m/n --> OT1/ztmcm/m/n on input line 28.
LaTeX Font Info:    Overwriting symbol font `operators' in version `bold'
(Font)                  OT1/cmr/bx/n --> OT1/ztmcm/m/n on input line 28.
LaTeX Font Info:    Redeclaring symbol font `letters' on input line 29.
LaTeX Font Info:    Overwriting symbol font `letters' in version `normal'
(Font)                  OML/cmm/m/it --> OML/ztmcm/m/it on input line 29.
LaTeX Font Info:    Overwriting symbol font `letters' in version `bold'
(Font)                  OML/cmm/b/it --> OML/ztmcm/m/it on input line 29.
LaTeX Font Info:    Redeclaring symbol font `symbols' on input line 30.
LaTeX Font Info:    Overwriting symbol font `symbols' in version `normal'
(Font)                  OMS/cmsy/m/n --> OMS/ztmcm/m/n on input line 30.
LaTeX Font Info:    Overwriting symbol font `symbols' in version `bold'
(Font)                  OMS/cmsy/b/n --> OMS/ztmcm/m/n on input line 30.
LaTeX Font Info:    Redeclaring symbol font `largesymbols' on input line 31.
LaTeX Font Info:    Overwriting symbol font `largesymbols' in version `normal'
(Font)                  OMX/cmex/m/n --> OMX/ztmcm/m/n on input line 31.
LaTeX Font Info:    Overwriting symbol font `largesymbols' in version `bold'
(Font)                  OMX/cmex/m/n --> OMX/ztmcm/m/n on input line 31.
\symbold=\mathgroup4
\symitalic=\mathgroup5
LaTeX Font Info:    Redeclaring math alphabet \mathbf on input line 34.
LaTeX Font Info:    Overwriting math alphabet `\mathbf' in version `normal'
(Font)                  OT1/cmr/bx/n --> OT1/ptm/bx/n on input line 34.
LaTeX Font Info:    Overwriting math alphabet `\mathbf' in version `bold'
(Font)                  OT1/cmr/bx/n --> OT1/ptm/bx/n on input line 34.
LaTeX Font Info:    Redeclaring math alphabet \mathit on input line 35.
LaTeX Font Info:    Overwriting math alphabet `\mathit' in version `normal'
(Font)                  OT1/cmr/m/it --> OT1/ptm/m/it on input line 35.
LaTeX Font Info:    Overwriting math alphabet `\mathit' in version `bold'
(Font)                  OT1/cmr/bx/it --> OT1/ptm/m/it on input line 35.
LaTeX Info: Redefining \hbar on input line 50.
)
(/usr/local/texlive/2019/texmf-dist/tex/latex/amsfonts/amssymb.sty
Package: amssymb 2013/01/14 v3.01 AMS font symbols

(/usr/local/texlive/2019/texmf-dist/tex/latex/amsfonts/amsfonts.sty
Package: amsfonts 2013/01/14 v3.01 Basic AMSFonts support
\@emptytoks=\toks14
\symAMSa=\mathgroup6
\symAMSb=\mathgroup7
LaTeX Font Info:    Overwriting math alphabet `\mathfrak' in version `bold'
(Font)                  U/euf/m/n --> U/euf/b/n on input line 106.
))
(/usr/local/texlive/2019/texmf-dist/tex/latex/amsmath/amsmath.sty
Package: amsmath 2018/12/01 v2.17b AMS math features
\@mathmargin=\skip45

For additional information on amsmath, use the `?' option.
(/usr/local/texlive/2019/texmf-dist/tex/latex/amsmath/amstext.sty
Package: amstext 2000/06/29 v2.01 AMS text

(/usr/local/texlive/2019/texmf-dist/tex/latex/amsmath/amsgen.sty
File: amsgen.sty 1999/11/30 v2.0 generic functions
\@emptytoks=\toks15
\ex@=\dimen103
))
(/usr/local/texlive/2019/texmf-dist/tex/latex/amsmath/amsbsy.sty
Package: amsbsy 1999/11/29 v1.2d Bold Symbols
\pmbraise@=\dimen104
)
(/usr/local/texlive/2019/texmf-dist/tex/latex/amsmath/amsopn.sty
Package: amsopn 2016/03/08 v2.02 operator names
)
\inf@bad=\count89
LaTeX Info: Redefining \frac on input line 223.
\uproot@=\count90
\leftroot@=\count91
LaTeX Info: Redefining \overline on input line 385.
\classnum@=\count92
\DOTSCASE@=\count93
LaTeX Info: Redefining \ldots on input line 482.
LaTeX Info: Redefining \dots on input line 485.
LaTeX Info: Redefining \cdots on input line 606.
\Mathstrutbox@=\box27
\strutbox@=\box28
\big@size=\dimen105
LaTeX Font Info:    Redeclaring font encoding OML on input line 729.
LaTeX Font Info:    Redeclaring font encoding OMS on input line 730.
\macc@depth=\count94
\c@MaxMatrixCols=\count95
\dotsspace@=\muskip10
\c@parentequation=\count96
\dspbrk@lvl=\count97
\tag@help=\toks16
\row@=\count98
\column@=\count99
\maxfields@=\count100
\andhelp@=\toks17
\eqnshift@=\dimen106
\alignsep@=\dimen107
\tagshift@=\dimen108
\tagwidth@=\dimen109
\totwidth@=\dimen110
\lineht@=\dimen111
\@envbody=\toks18
\multlinegap=\skip46
\multlinetaggap=\skip47
\mathdisplay@stack=\toks19
LaTeX Info: Redefining \[ on input line 2844.
LaTeX Info: Redefining \] on input line 2845.
)
(/usr/local/texlive/2019/texmf-dist/tex/latex/preprint/fullpage.sty
Package: fullpage 1999/02/23 1.1 (PWD)
\FP@margin=\skip48
)
(/usr/local/texlive/2019/texmf-dist/tex/latex/tools/enumerate.sty
Package: enumerate 2015/07/23 v3.00 enumerate extensions (DPC)
\@enLab=\toks20
)
(/usr/local/texlive/2019/texmf-dist/tex/latex/fancyvrb/fancyvrb.sty
Package: fancyvrb 2019/01/15

Style option: `fancyvrb' v3.2a <2019/01/15> (tvz)
(/usr/local/texlive/2019/texmf-dist/tex/latex/graphics/keyval.sty
Package: keyval 2014/10/28 v1.15 key=value parser (DPC)
\KV@toks@=\toks21
)
\FV@CodeLineNo=\count101
\FV@InFile=\read1
\FV@TabBox=\box29
\c@FancyVerbLine=\count102
\FV@StepNumber=\count103
\FV@OutFile=\write3
)
(/usr/local/texlive/2019/texmf-dist/tex/latex/comment/comment.sty
\CommentStream=\write4

Excluding comment 'comment')
(/usr/local/texlive/2019/texmf-dist/tex/latex/listings/listings.sty
\lst@mode=\count104
\lst@gtempboxa=\box30
\lst@token=\toks22
\lst@length=\count105
\lst@currlwidth=\dimen112
\lst@column=\count106
\lst@pos=\count107
\lst@lostspace=\dimen113
\lst@width=\dimen114
\lst@newlines=\count108
\lst@lineno=\count109
\lst@maxwidth=\dimen115

(/usr/local/texlive/2019/texmf-dist/tex/latex/listings/lstmisc.sty
File: lstmisc.sty 2019/02/27 1.8b (Carsten Heinz)
\c@lstnumber=\count110
\lst@skipnumbers=\count111
\lst@framebox=\box31
)
(/usr/local/texlive/2019/texmf-dist/tex/latex/listings/listings.cfg
File: listings.cfg 2019/02/27 1.8b listings configuration
))
Package: listings 2019/02/27 1.8b (Carsten Heinz)

(/usr/local/texlive/2019/texmf-dist/tex/latex/hyperref/hyperref.sty
Package: hyperref 2018/11/30 v6.88e Hypertext links for LaTeX

(/usr/local/texlive/2019/texmf-dist/tex/generic/oberdiek/hobsub-hyperref.sty
Package: hobsub-hyperref 2016/05/16 v1.14 Bundle oberdiek, subset hyperref (HO)


(/usr/local/texlive/2019/texmf-dist/tex/generic/oberdiek/hobsub-generic.sty
Package: hobsub-generic 2016/05/16 v1.14 Bundle oberdiek, subset generic (HO)
Package: hobsub 2016/05/16 v1.14 Construct package bundles (HO)
Package: infwarerr 2016/05/16 v1.4 Providing info/warning/error messages (HO)
Package: ltxcmds 2016/05/16 v1.23 LaTeX kernel commands for general use (HO)
Package: ifluatex 2016/05/16 v1.4 Provides the ifluatex switch (HO)
Package ifluatex Info: LuaTeX not detected.
Package: ifvtex 2016/05/16 v1.6 Detect VTeX and its facilities (HO)
Package ifvtex Info: VTeX not detected.
Package: intcalc 2016/05/16 v1.2 Expandable calculations with integers (HO)
Package: ifpdf 2018/09/07 v3.3 Provides the ifpdf switch
Package: etexcmds 2016/05/16 v1.6 Avoid name clashes with e-TeX commands (HO)
Package: kvsetkeys 2016/05/16 v1.17 Key value parser (HO)
Package: kvdefinekeys 2016/05/16 v1.4 Define keys (HO)
Package: pdftexcmds 2018/09/10 v0.29 Utility functions of pdfTeX for LuaTeX (HO
)
Package pdftexcmds Info: LuaTeX not detected.
Package pdftexcmds Info: \pdf@primitive is available.
Package pdftexcmds Info: \pdf@ifprimitive is available.
Package pdftexcmds Info: \pdfdraftmode found.
Package: pdfescape 2016/05/16 v1.14 Implements pdfTeX's escape features (HO)
Package: bigintcalc 2016/05/16 v1.4 Expandable calculations on big integers (HO
)
Package: bitset 2016/05/16 v1.2 Handle bit-vector datatype (HO)
Package: uniquecounter 2016/05/16 v1.3 Provide unlimited unique counter (HO)
)
Package hobsub Info: Skipping package `hobsub' (already loaded).
Package: letltxmacro 2016/05/16 v1.5 Let assignment for LaTeX macros (HO)
Package: hopatch 2016/05/16 v1.3 Wrapper for package hooks (HO)
Package: xcolor-patch 2016/05/16 xcolor patch
Package: atveryend 2016/05/16 v1.9 Hooks at the very end of document (HO)
Package atveryend Info: \enddocument detected (standard20110627).
Package: atbegshi 2016/06/09 v1.18 At begin shipout hook (HO)
Package: refcount 2016/05/16 v3.5 Data extraction from label references (HO)
Package: hycolor 2016/05/16 v1.8 Color options for hyperref/bookmark (HO)
)
(/usr/local/texlive/2019/texmf-dist/tex/generic/ifxetex/ifxetex.sty
Package: ifxetex 2010/09/12 v0.6 Provides ifxetex conditional
)
(/usr/local/texlive/2019/texmf-dist/tex/latex/oberdiek/auxhook.sty
Package: auxhook 2016/05/16 v1.4 Hooks for auxiliary files (HO)
)
(/usr/local/texlive/2019/texmf-dist/tex/latex/oberdiek/kvoptions.sty
Package: kvoptions 2016/05/16 v3.12 Key value format for package options (HO)
)
\@linkdim=\dimen116
\Hy@linkcounter=\count112
\Hy@pagecounter=\count113

(/usr/local/texlive/2019/texmf-dist/tex/latex/hyperref/pd1enc.def
File: pd1enc.def 2018/11/30 v6.88e Hyperref: PDFDocEncoding definition (HO)
Now handling font encoding PD1 ...
... no UTF-8 mapping file for font encoding PD1
)
\Hy@SavedSpaceFactor=\count114

(/usr/local/texlive/2019/texmf-dist/tex/latex/latexconfig/hyperref.cfg
File: hyperref.cfg 2002/06/06 v1.2 hyperref configuration of TeXLive
)
Package hyperref Info: Hyper figures OFF on input line 4519.
Package hyperref Info: Link nesting OFF on input line 4524.
Package hyperref Info: Hyper index ON on input line 4527.
Package hyperref Info: Plain pages OFF on input line 4534.
Package hyperref Info: Backreferencing OFF on input line 4539.
Package hyperref Info: Implicit mode ON; LaTeX internals redefined.
Package hyperref Info: Bookmarks ON on input line 4772.
\c@Hy@tempcnt=\count115

(/usr/local/texlive/2019/texmf-dist/tex/latex/url/url.sty
\Urlmuskip=\muskip11
Package: url 2013/09/16  ver 3.4  Verb mode for urls, etc.
)
LaTeX Info: Redefining \url on input line 5125.
\XeTeXLinkMargin=\dimen117
\Fld@menulength=\count116
\Field@Width=\dimen118
\Fld@charsize=\dimen119
Package hyperref Info: Hyper figures OFF on input line 6380.
Package hyperref Info: Link nesting OFF on input line 6385.
Package hyperref Info: Hyper index ON on input line 6388.
Package hyperref Info: backreferencing OFF on input line 6395.
Package hyperref Info: Link coloring OFF on input line 6400.
Package hyperref Info: Link coloring with OCG OFF on input line 6405.
Package hyperref Info: PDF/A mode OFF on input line 6410.
LaTeX Info: Redefining \ref on input line 6450.
LaTeX Info: Redefining \pageref on input line 6454.
\Hy@abspage=\count117
\c@Item=\count118
\c@Hfootnote=\count119
)
Package hyperref Info: Driver (autodetected): hpdftex.

(/usr/local/texlive/2019/texmf-dist/tex/latex/hyperref/hpdftex.def
File: hpdftex.def 2018/11/30 v6.88e Hyperref driver for pdfTeX
\Fld@listcount=\count120
\c@bookmark@seq@number=\count121

(/usr/local/texlive/2019/texmf-dist/tex/latex/oberdiek/rerunfilecheck.sty
Package: rerunfilecheck 2016/05/16 v1.8 Rerun checks for auxiliary files (HO)
Package uniquecounter Info: New unique counter `rerunfilecheck' on input line 2
82.
)
\Hy@SectionHShift=\skip49
)
(/usr/local/texlive/2019/texmf-dist/tex/latex/graphics/color.sty
Package: color 2016/07/10 v1.1e Standard LaTeX Color (DPC)

(/usr/local/texlive/2019/texmf-dist/tex/latex/graphics-cfg/color.cfg
File: color.cfg 2016/01/02 v1.6 sample color configuration
)
Package color Info: Driver file: pdftex.def on input line 147.

(/usr/local/texlive/2019/texmf-dist/tex/latex/graphics-def/pdftex.def
File: pdftex.def 2018/01/08 v1.0l Graphics/color driver for pdftex
)
(/usr/local/texlive/2019/texmf-dist/tex/latex/graphics/dvipsnam.def
File: dvipsnam.def 2016/06/17 v3.0m Driver-dependent file (DPC,SPQR)
))
(/usr/local/texlive/2019/texmf-dist/tex/latex/amscls/amsthm.sty
Package: amsthm 2017/10/31 v2.20.4
\thm@style=\toks23
\thm@bodyfont=\toks24
\thm@headfont=\toks25
\thm@notefont=\toks26
\thm@headpunct=\toks27
\thm@preskip=\skip50
\thm@postskip=\skip51
\thm@headsep=\skip52
\dth@everypar=\toks28
)
(/usr/local/texlive/2019/texmf-dist/tex/latex/graphics/graphicx.sty
Package: graphicx 2017/06/01 v1.1a Enhanced LaTeX Graphics (DPC,SPQR)

(/usr/local/texlive/2019/texmf-dist/tex/latex/graphics/graphics.sty
Package: graphics 2017/06/25 v1.2c Standard LaTeX Graphics (DPC,SPQR)

(/usr/local/texlive/2019/texmf-dist/tex/latex/graphics/trig.sty
Package: trig 2016/01/03 v1.10 sin cos tan (DPC)
)
(/usr/local/texlive/2019/texmf-dist/tex/latex/graphics-cfg/graphics.cfg
File: graphics.cfg 2016/06/04 v1.11 sample graphics configuration
)
Package graphics Info: Driver file: pdftex.def on input line 99.
)
\Gin@req@height=\dimen120
\Gin@req@width=\dimen121
)
(/usr/local/texlive/2019/texmf-dist/tex/latex/stmaryrd/stmaryrd.sty
Package: stmaryrd 1994/03/03 St Mary's Road symbol package
\symstmry=\mathgroup8
LaTeX Font Info:    Overwriting symbol font `stmry' in version `bold'
(Font)                  U/stmry/m/n --> U/stmry/b/n on input line 89.
)
(/usr/local/texlive/2019/texmf-dist/tex/latex/mathtools/mathtools.sty
Package: mathtools 2018/01/08 v1.21 mathematical typesetting tools

(/usr/local/texlive/2019/texmf-dist/tex/latex/tools/calc.sty
Package: calc 2017/05/25 v4.3 Infix arithmetic (KKT,FJ)
\calc@Acount=\count122
\calc@Bcount=\count123
\calc@Adimen=\dimen122
\calc@Bdimen=\dimen123
\calc@Askip=\skip53
\calc@Bskip=\skip54
LaTeX Info: Redefining \setlength on input line 80.
LaTeX Info: Redefining \addtolength on input line 81.
\calc@Ccount=\count124
\calc@Cskip=\skip55
)
(/usr/local/texlive/2019/texmf-dist/tex/latex/mathtools/mhsetup.sty
Package: mhsetup 2017/03/31 v1.3 programming setup (MH)
)
LaTeX Info: Thecontrolsequence`\('isalreadyrobust on input line 129.
LaTeX Info: Thecontrolsequence`\)'isalreadyrobust on input line 129.
LaTeX Info: Thecontrolsequence`\['isalreadyrobust on input line 129.
LaTeX Info: Thecontrolsequence`\]'isalreadyrobust on input line 129.
\g_MT_multlinerow_int=\count125
\l_MT_multwidth_dim=\dimen124
\origjot=\skip56
\l_MT_shortvdotswithinadjustabove_dim=\dimen125
\l_MT_shortvdotswithinadjustbelow_dim=\dimen126
\l_MT_above_intertext_sep=\dimen127
\l_MT_below_intertext_sep=\dimen128
\l_MT_above_shortintertext_sep=\dimen129
\l_MT_below_shortintertext_sep=\dimen130
)
(/usr/local/texlive/2019/texmf-dist/tex/latex/float/float.sty
Package: float 2001/11/08 v1.3d Float enhancements (AL)
\c@float@type=\count126
\float@exts=\toks29
\float@box=\box32
\@float@everytoks=\toks30
\@floatcapt=\box33
)
(/usr/local/texlive/2019/texmf-dist/tex/latex/ebproof/ebproof.sty
(/usr/local/texlive/2019/texmf-dist/tex/latex/l3kernel/expl3.sty
Package: expl3 2019-05-07 L3 programming layer (loader) 

(/usr/local/texlive/2019/texmf-dist/tex/latex/l3kernel/expl3-code.tex
Package: expl3 2019-05-07 L3 programming layer (code)
\c_max_int=\count127
\l_tmpa_int=\count128
\l_tmpb_int=\count129
\g_tmpa_int=\count130
\g_tmpb_int=\count131
\g__kernel_prg_map_int=\count132
\c__ior_term_ior=\count133
\c_log_iow=\count134
\l_iow_line_count_int=\count135
\l__iow_line_target_int=\count136
\l__iow_one_indent_int=\count137
\l__iow_indent_int=\count138
\c_zero_dim=\dimen131
\c_max_dim=\dimen132
\l_tmpa_dim=\dimen133
\l_tmpb_dim=\dimen134
\g_tmpa_dim=\dimen135
\g_tmpb_dim=\dimen136
\c_zero_skip=\skip57
\c_max_skip=\skip58
\l_tmpa_skip=\skip59
\l_tmpb_skip=\skip60
\g_tmpa_skip=\skip61
\g_tmpb_skip=\skip62
\c_zero_muskip=\muskip12
\c_max_muskip=\muskip13
\l_tmpa_muskip=\muskip14
\l_tmpb_muskip=\muskip15
\g_tmpa_muskip=\muskip16
\g_tmpb_muskip=\muskip17
\l_keys_choice_int=\count139
\l__intarray_loop_int=\count140
\c__intarray_sp_dim=\dimen137
\g__intarray_font_int=\count141
\c__fp_leading_shift_int=\count142
\c__fp_middle_shift_int=\count143
\c__fp_trailing_shift_int=\count144
\c__fp_big_leading_shift_int=\count145
\c__fp_big_middle_shift_int=\count146
\c__fp_big_trailing_shift_int=\count147
\c__fp_Bigg_leading_shift_int=\count148
\c__fp_Bigg_middle_shift_int=\count149
\c__fp_Bigg_trailing_shift_int=\count150
\c__kernel_randint_max_int=\count151
\g__fp_array_int=\count152
\l__fp_array_loop_int=\count153
\l__sort_length_int=\count154
\l__sort_min_int=\count155
\l__sort_top_int=\count156
\l__sort_max_int=\count157
\l__sort_true_max_int=\count158
\l__sort_block_int=\count159
\l__sort_begin_int=\count160
\l__sort_end_int=\count161
\l__sort_A_int=\count162
\l__sort_B_int=\count163
\l__sort_C_int=\count164
\l__tl_analysis_normal_int=\count165
\l__tl_analysis_index_int=\count166
\l__tl_analysis_nesting_int=\count167
\l__tl_analysis_type_int=\count168
\l__regex_internal_a_int=\count169
\l__regex_internal_b_int=\count170
\l__regex_internal_c_int=\count171
\l__regex_balance_int=\count172
\l__regex_group_level_int=\count173
\l__regex_mode_int=\count174
\c__regex_cs_in_class_mode_int=\count175
\c__regex_cs_mode_int=\count176
\l__regex_catcodes_int=\count177
\l__regex_default_catcodes_int=\count178
\c__regex_catcode_D_int=\count179
\c__regex_catcode_S_int=\count180
\c__regex_catcode_L_int=\count181
\c__regex_catcode_O_int=\count182
\c__regex_catcode_A_int=\count183
\c__regex_all_catcodes_int=\count184
\l__regex_show_lines_int=\count185
\l__regex_min_state_int=\count186
\l__regex_max_state_int=\count187
\l__regex_left_state_int=\count188
\l__regex_right_state_int=\count189
\l__regex_capturing_group_int=\count190
\l__regex_min_pos_int=\count191
\l__regex_max_pos_int=\count192
\l__regex_curr_pos_int=\count193
\l__regex_start_pos_int=\count194
\l__regex_success_pos_int=\count195
\l__regex_curr_char_int=\count196
\l__regex_curr_catcode_int=\count197
\l__regex_last_char_int=\count198
\l__regex_case_changed_char_int=\count199
\l__regex_curr_state_int=\count266
\l__regex_step_int=\count267
\l__regex_min_active_int=\count268
\l__regex_max_active_int=\count269
\l__regex_replacement_csnames_int=\count270
\l__regex_match_count_int=\count271
\l__regex_min_submatch_int=\count272
\l__regex_submatch_int=\count273
\l__regex_zeroth_submatch_int=\count274
\g__regex_trace_regex_int=\count275
\c_empty_box=\box34
\l_tmpa_box=\box35
\l_tmpb_box=\box36
\g_tmpa_box=\box37
\g_tmpb_box=\box38
\l__box_top_dim=\dimen138
\l__box_bottom_dim=\dimen139
\l__box_left_dim=\dimen140
\l__box_right_dim=\dimen141
\l__box_top_new_dim=\dimen142
\l__box_bottom_new_dim=\dimen143
\l__box_left_new_dim=\dimen144
\l__box_right_new_dim=\dimen145
\l__box_internal_box=\box39
\l__coffin_internal_box=\box40
\l__coffin_internal_dim=\dimen146
\l__coffin_offset_x_dim=\dimen147
\l__coffin_offset_y_dim=\dimen148
\l__coffin_x_dim=\dimen149
\l__coffin_y_dim=\dimen150
\l__coffin_x_prime_dim=\dimen151
\l__coffin_y_prime_dim=\dimen152
\c_empty_coffin=\box41
\l__coffin_aligned_coffin=\box42
\l__coffin_aligned_internal_coffin=\box43
\l_tmpa_coffin=\box44
\l_tmpb_coffin=\box45
\g_tmpa_coffin=\box46
\g_tmpb_coffin=\box47
\l__coffin_bounding_shift_dim=\dimen153
\l__coffin_left_corner_dim=\dimen154
\l__coffin_right_corner_dim=\dimen155
\l__coffin_bottom_corner_dim=\dimen156
\l__coffin_top_corner_dim=\dimen157
\l__coffin_scaled_total_height_dim=\dimen158
\l__coffin_scaled_width_dim=\dimen159
\c__coffin_empty_coffin=\box48
\l__coffin_display_coffin=\box49
\l__coffin_display_coord_coffin=\box50
\l__coffin_display_pole_coffin=\box51
\l__coffin_display_offset_dim=\dimen160
\l__coffin_display_x_dim=\dimen161
\l__coffin_display_y_dim=\dimen162
\g__file_internal_ior=\read2
\l__seq_internal_a_int=\count276
\l__seq_internal_b_int=\count277
\c__deprecation_minus_one=\count278
)
(/usr/local/texlive/2019/texmf-dist/tex/latex/l3kernel/l3pdfmode.def
File: l3pdfmode.def 2019-04-06 v L3 Experimental driver: PDF mode
\l__driver_color_stack_int=\count279
\l__driver_pdf_tmp_box=\box52
))
(/usr/local/texlive/2019/texmf-dist/tex/latex/l3packages/xparse/xparse.sty
Package: xparse 2019-05-03 L3 Experimental document command parser
\l__xparse_current_arg_int=\count280
\g__xparse_grabber_int=\count281
\l__xparse_m_args_int=\count282
\l__xparse_v_nesting_int=\count283
)
Package: ebproof 2017/05/17 v2.0 EB's proof trees
\l_ebproof_separation_dim=\dimen163
\l_ebproof_rule_margin_dim=\dimen164
\l_ebproof_rule_thickness_dim=\dimen165
\l_ebproof_rule_separation_dim=\dimen166
\l_ebproof_rule_dash_length_dim=\dimen167
\l_ebproof_rule_dash_space_dim=\dimen168
\l_ebproof_label_separation_dim=\dimen169
\l_ebproof_label_axis_dim=\dimen170
\l_ebproof_transit_dim=\dimen171
\g_ebproof_level_int=\count284
\g_ebproof_stack_box=\box53
\l_ebproof_a_box=\box54
\l_ebproof_b_box=\box55
\l_ebproof_c_box=\box56
\l_ebproof_d_box=\box57
)
(/usr/local/texlive/2019/texmf-dist/tex/latex/graphics/lscape.sty
Package: lscape 2000/10/22 v3.01 Landscape Pages (DPC)
)
(/usr/local/texlive/2019/texmf-dist/tex/latex/preprint/balance.sty
Package: balance 1999/02/23 4.3 (PWD)
\oldvsize=\dimen172
)
(/usr/local/texlive/2019/texmf-dist/tex/latex/bezos/accents.sty
Package: accents 2006/05/12 v1.4 Math Accent Tools
\cc@skew=\dimen173
\cc@wd=\dimen174
\cc@code=\count285
\cc@group=\count286
\cc@skewchar=\count287
) (./lambda.sty
Package: lambda 

(/usr/local/texlive/2019/texmf-dist/tex/latex/oberdiek/twoopt.sty
Package: twoopt 2016/05/16 v1.6 Definitions with two optional arguments (HO)
)
\dummylen=\skip63
) (./cc.sty
Package: cc 
)
(/usr/local/texlive/2019/texmf-dist/tex/latex/tools/array.sty
Package: array 2018/12/30 v2.4k Tabular extension package (FMi)
\col@sep=\dimen175
\ar@mcellbox=\box58
\extrarowheight=\dimen176
\NC@list=\toks31
\extratabsurround=\skip64
\backup@length=\skip65
\ar@cellbox=\box59
)
(/usr/local/texlive/2019/texmf-dist/tex/latex/multirow/multirow.sty
Package: multirow 2019/01/01 v2.4 Span multiple rows of a table
\multirow@colwidth=\skip66
\multirow@cntb=\count288
\multirow@dima=\skip67
\bigstrutjot=\dimen177
)
(/usr/local/texlive/2019/texmf-dist/tex/latex/arydshln/arydshln.sty
Package: arydshln 2019/02/21 v1.76 
\dashlinedash=\dimen178
\dashlinegap=\dimen179
\adl@box=\box60
\adl@height=\dimen180
\adl@heightsave=\dimen181
\adl@depth=\dimen182
\adl@depthsave=\dimen183
\adl@finaldepth=\dimen184
\adl@columns=\count289
\adl@ncol=\count290
\adl@currentcolumn=\count291
\adl@currentcolumnsave=\count292
\adl@totalheight=\count293
\adl@totalheightsave=\count294
\adl@dash=\count295
\adl@gap=\count296
\adl@cla=\count297
\adl@clb=\count298
\adl@everyvbox=\toks32
\adl@LTpagetotal=\dimen185
)
(/usr/local/texlive/2019/texmf-dist/tex/latex/xcolor/xcolor.sty
Package: xcolor 2016/05/11 v2.12 LaTeX color extensions (UK)

(/usr/local/texlive/2019/texmf-dist/tex/latex/graphics-cfg/color.cfg
File: color.cfg 2016/01/02 v1.6 sample color configuration
)
Package xcolor Info: Driver file: pdftex.def on input line 225.
LaTeX Info: Redefining \color on input line 709.
Package xcolor Info: Model `cmy' substituted by `cmy0' on input line 1348.
Package xcolor Info: Model `hsb' substituted by `rgb' on input line 1352.
Package xcolor Info: Model `RGB' extended on input line 1364.
Package xcolor Info: Model `HTML' substituted by `rgb' on input line 1366.
Package xcolor Info: Model `Hsb' substituted by `hsb' on input line 1367.
Package xcolor Info: Model `tHsb' substituted by `hsb' on input line 1368.
Package xcolor Info: Model `HSB' substituted by `hsb' on input line 1369.
Package xcolor Info: Model `Gray' substituted by `gray' on input line 1370.
Package xcolor Info: Model `wave' substituted by `hsb' on input line 1371.
)
(/usr/local/texlive/2019/texmf-dist/tex/latex/tools/tabularx.sty
Package: tabularx 2016/02/03 v2.11b `tabularx' package (DPC)
\TX@col@width=\dimen186
\TX@old@table=\dimen187
\TX@old@col=\dimen188
\TX@target=\dimen189
\TX@delta=\dimen190
\TX@cols=\count299
\TX@ftn=\toks33
)
(/usr/local/texlive/2019/texmf-dist/tex/latex/booktabs/booktabs.sty
Package: booktabs 2016/04/27 v1.618033 publication quality tables
\heavyrulewidth=\dimen191
\lightrulewidth=\dimen192
\cmidrulewidth=\dimen193
\belowrulesep=\dimen194
\belowbottomsep=\dimen195
\aboverulesep=\dimen196
\abovetopsep=\dimen197
\cmidrulesep=\dimen198
\cmidrulekern=\dimen199
\defaultaddspace=\dimen256
\@cmidla=\count300
\@cmidlb=\count301
\@aboverulesep=\dimen257
\@belowrulesep=\dimen258
\@thisruleclass=\count302
\@lastruleclass=\count303
\@thisrulewidth=\dimen259
)
(/usr/local/texlive/2019/texmf-dist/tex/latex/mathpartir/mathpartir.sty
Package: mathpartir 2016/02/24 version 1.3.2 Math Paragraph for Typesetting Inf
erence Rules
\mpr@andskip=\skip68
\mpr@lista=\toks34
\mpr@listb=\toks35
\mpr@hlist=\box61
\mpr@vlist=\box62
\mpr@right=\box63
)
(/usr/local/texlive/2019/texmf-dist/tex/generic/ulem/ulem.sty
\UL@box=\box64
\UL@hyphenbox=\box65
\UL@skip=\skip69
\UL@hook=\toks36
\UL@height=\dimen260
\UL@pe=\count304
\UL@pixel=\dimen261
\ULC@box=\box66
Package: ulem 2012/05/18
\ULdepth=\dimen262
)
(/usr/local/texlive/2019/texmf-dist/tex/latex/pgf/frontendlayer/tikz.sty
(/usr/local/texlive/2019/texmf-dist/tex/latex/pgf/basiclayer/pgf.sty
(/usr/local/texlive/2019/texmf-dist/tex/latex/pgf/utilities/pgfrcs.sty
(/usr/local/texlive/2019/texmf-dist/tex/generic/pgf/utilities/pgfutil-common.te
x
\pgfutil@everybye=\toks37
\pgfutil@tempdima=\dimen263
\pgfutil@tempdimb=\dimen264

(/usr/local/texlive/2019/texmf-dist/tex/generic/pgf/utilities/pgfutil-common-li
sts.tex))
(/usr/local/texlive/2019/texmf-dist/tex/generic/pgf/utilities/pgfutil-latex.def
\pgfutil@abb=\box67
(/usr/local/texlive/2019/texmf-dist/tex/latex/ms/everyshi.sty
Package: everyshi 2001/05/15 v3.00 EveryShipout Package (MS)
))
(/usr/local/texlive/2019/texmf-dist/tex/generic/pgf/utilities/pgfrcs.code.tex
(/usr/local/texlive/2019/texmf-dist/tex/generic/pgf/pgf.revision.tex)
Package: pgfrcs 2019/04/04 v3.1.2 (3.1.2)
))
Package: pgf 2019/04/04 v3.1.2 (3.1.2)

(/usr/local/texlive/2019/texmf-dist/tex/latex/pgf/basiclayer/pgfcore.sty
(/usr/local/texlive/2019/texmf-dist/tex/latex/pgf/systemlayer/pgfsys.sty
(/usr/local/texlive/2019/texmf-dist/tex/generic/pgf/systemlayer/pgfsys.code.tex
Package: pgfsys 2019/04/04 v3.1.2 (3.1.2)
(/usr/local/texlive/2019/texmf-dist/tex/generic/pgf/utilities/pgfkeys.code.tex
\pgfkeys@pathtoks=\toks38
\pgfkeys@temptoks=\toks39

(/usr/local/texlive/2019/texmf-dist/tex/generic/pgf/utilities/pgfkeysfiltered.c
ode.tex
\pgfkeys@tmptoks=\toks40
))
\pgf@x=\dimen265
\pgf@y=\dimen266
\pgf@xa=\dimen267
\pgf@ya=\dimen268
\pgf@xb=\dimen269
\pgf@yb=\dimen270
\pgf@xc=\dimen271
\pgf@yc=\dimen272
\w@pgf@writea=\write5
\r@pgf@reada=\read3
\c@pgf@counta=\count305
\c@pgf@countb=\count306
\c@pgf@countc=\count307
\c@pgf@countd=\count308
\t@pgf@toka=\toks41
\t@pgf@tokb=\toks42
\t@pgf@tokc=\toks43
\pgf@sys@id@count=\count309

(/usr/local/texlive/2019/texmf-dist/tex/generic/pgf/systemlayer/pgf.cfg
File: pgf.cfg 2019/04/04 v3.1.2 (3.1.2)
)
Driver file for pgf: pgfsys-pdftex.def

(/usr/local/texlive/2019/texmf-dist/tex/generic/pgf/systemlayer/pgfsys-pdftex.d
ef
File: pgfsys-pdftex.def 2019/04/04 v3.1.2 (3.1.2)

(/usr/local/texlive/2019/texmf-dist/tex/generic/pgf/systemlayer/pgfsys-common-p
df.def
File: pgfsys-common-pdf.def 2019/04/04 v3.1.2 (3.1.2)
)))
(/usr/local/texlive/2019/texmf-dist/tex/generic/pgf/systemlayer/pgfsyssoftpath.
code.tex
File: pgfsyssoftpath.code.tex 2019/04/04 v3.1.2 (3.1.2)
\pgfsyssoftpath@smallbuffer@items=\count310
\pgfsyssoftpath@bigbuffer@items=\count311
)
(/usr/local/texlive/2019/texmf-dist/tex/generic/pgf/systemlayer/pgfsysprotocol.
code.tex
File: pgfsysprotocol.code.tex 2019/04/04 v3.1.2 (3.1.2)
))
(/usr/local/texlive/2019/texmf-dist/tex/generic/pgf/basiclayer/pgfcore.code.tex
Package: pgfcore 2019/04/04 v3.1.2 (3.1.2)
(/usr/local/texlive/2019/texmf-dist/tex/generic/pgf/math/pgfmath.code.tex
(/usr/local/texlive/2019/texmf-dist/tex/generic/pgf/math/pgfmathcalc.code.tex
(/usr/local/texlive/2019/texmf-dist/tex/generic/pgf/math/pgfmathutil.code.tex)
(/usr/local/texlive/2019/texmf-dist/tex/generic/pgf/math/pgfmathparser.code.tex
\pgfmath@dimen=\dimen273
\pgfmath@count=\count312
\pgfmath@box=\box68
\pgfmath@toks=\toks44
\pgfmath@stack@operand=\toks45
\pgfmath@stack@operation=\toks46
)
(/usr/local/texlive/2019/texmf-dist/tex/generic/pgf/math/pgfmathfunctions.code.
tex
(/usr/local/texlive/2019/texmf-dist/tex/generic/pgf/math/pgfmathfunctions.basic
.code.tex)
(/usr/local/texlive/2019/texmf-dist/tex/generic/pgf/math/pgfmathfunctions.trigo
nometric.code.tex)
(/usr/local/texlive/2019/texmf-dist/tex/generic/pgf/math/pgfmathfunctions.rando
m.code.tex)
(/usr/local/texlive/2019/texmf-dist/tex/generic/pgf/math/pgfmathfunctions.compa
rison.code.tex)
(/usr/local/texlive/2019/texmf-dist/tex/generic/pgf/math/pgfmathfunctions.base.
code.tex)
(/usr/local/texlive/2019/texmf-dist/tex/generic/pgf/math/pgfmathfunctions.round
.code.tex)
(/usr/local/texlive/2019/texmf-dist/tex/generic/pgf/math/pgfmathfunctions.misc.
code.tex)
(/usr/local/texlive/2019/texmf-dist/tex/generic/pgf/math/pgfmathfunctions.integ
erarithmetics.code.tex)))
(/usr/local/texlive/2019/texmf-dist/tex/generic/pgf/math/pgfmathfloat.code.tex
\c@pgfmathroundto@lastzeros=\count313
))
(/usr/local/texlive/2019/texmf-dist/tex/generic/pgf/basiclayer/pgfcorepoints.co
de.tex
File: pgfcorepoints.code.tex 2019/04/04 v3.1.2 (3.1.2)
\pgf@picminx=\dimen274
\pgf@picmaxx=\dimen275
\pgf@picminy=\dimen276
\pgf@picmaxy=\dimen277
\pgf@pathminx=\dimen278
\pgf@pathmaxx=\dimen279
\pgf@pathminy=\dimen280
\pgf@pathmaxy=\dimen281
\pgf@xx=\dimen282
\pgf@xy=\dimen283
\pgf@yx=\dimen284
\pgf@yy=\dimen285
\pgf@zx=\dimen286
\pgf@zy=\dimen287
)
(/usr/local/texlive/2019/texmf-dist/tex/generic/pgf/basiclayer/pgfcorepathconst
ruct.code.tex
File: pgfcorepathconstruct.code.tex 2019/04/04 v3.1.2 (3.1.2)
\pgf@path@lastx=\dimen288
\pgf@path@lasty=\dimen289
)
(/usr/local/texlive/2019/texmf-dist/tex/generic/pgf/basiclayer/pgfcorepathusage
.code.tex
File: pgfcorepathusage.code.tex 2019/04/04 v3.1.2 (3.1.2)
\pgf@shorten@end@additional=\dimen290
\pgf@shorten@start@additional=\dimen291
)
(/usr/local/texlive/2019/texmf-dist/tex/generic/pgf/basiclayer/pgfcorescopes.co
de.tex
File: pgfcorescopes.code.tex 2019/04/04 v3.1.2 (3.1.2)
\pgfpic=\box69
\pgf@hbox=\box70
\pgf@layerbox@main=\box71
\pgf@picture@serial@count=\count314
)
(/usr/local/texlive/2019/texmf-dist/tex/generic/pgf/basiclayer/pgfcoregraphicst
ate.code.tex
File: pgfcoregraphicstate.code.tex 2019/04/04 v3.1.2 (3.1.2)
\pgflinewidth=\dimen292
)
(/usr/local/texlive/2019/texmf-dist/tex/generic/pgf/basiclayer/pgfcoretransform
ations.code.tex
File: pgfcoretransformations.code.tex 2019/04/04 v3.1.2 (3.1.2)
\pgf@pt@x=\dimen293
\pgf@pt@y=\dimen294
\pgf@pt@temp=\dimen295
)
(/usr/local/texlive/2019/texmf-dist/tex/generic/pgf/basiclayer/pgfcorequick.cod
e.tex
File: pgfcorequick.code.tex 2019/04/04 v3.1.2 (3.1.2)
)
(/usr/local/texlive/2019/texmf-dist/tex/generic/pgf/basiclayer/pgfcoreobjects.c
ode.tex
File: pgfcoreobjects.code.tex 2019/04/04 v3.1.2 (3.1.2)
)
(/usr/local/texlive/2019/texmf-dist/tex/generic/pgf/basiclayer/pgfcorepathproce
ssing.code.tex
File: pgfcorepathprocessing.code.tex 2019/04/04 v3.1.2 (3.1.2)
)
(/usr/local/texlive/2019/texmf-dist/tex/generic/pgf/basiclayer/pgfcorearrows.co
de.tex
File: pgfcorearrows.code.tex 2019/04/04 v3.1.2 (3.1.2)
\pgfarrowsep=\dimen296
)
(/usr/local/texlive/2019/texmf-dist/tex/generic/pgf/basiclayer/pgfcoreshade.cod
e.tex
File: pgfcoreshade.code.tex 2019/04/04 v3.1.2 (3.1.2)
\pgf@max=\dimen297
\pgf@sys@shading@range@num=\count315
\pgf@shadingcount=\count316
)
(/usr/local/texlive/2019/texmf-dist/tex/generic/pgf/basiclayer/pgfcoreimage.cod
e.tex
File: pgfcoreimage.code.tex 2019/04/04 v3.1.2 (3.1.2)

(/usr/local/texlive/2019/texmf-dist/tex/generic/pgf/basiclayer/pgfcoreexternal.
code.tex
File: pgfcoreexternal.code.tex 2019/04/04 v3.1.2 (3.1.2)
\pgfexternal@startupbox=\box72
))
(/usr/local/texlive/2019/texmf-dist/tex/generic/pgf/basiclayer/pgfcorelayers.co
de.tex
File: pgfcorelayers.code.tex 2019/04/04 v3.1.2 (3.1.2)
)
(/usr/local/texlive/2019/texmf-dist/tex/generic/pgf/basiclayer/pgfcoretranspare
ncy.code.tex
File: pgfcoretransparency.code.tex 2019/04/04 v3.1.2 (3.1.2)
)
(/usr/local/texlive/2019/texmf-dist/tex/generic/pgf/basiclayer/pgfcorepatterns.
code.tex
File: pgfcorepatterns.code.tex 2019/04/04 v3.1.2 (3.1.2)
)
(/usr/local/texlive/2019/texmf-dist/tex/generic/pgf/basiclayer/pgfcorerdf.code.
tex
File: pgfcorerdf.code.tex 2019/04/04 v3.1.2 (3.1.2)
)))
(/usr/local/texlive/2019/texmf-dist/tex/generic/pgf/modules/pgfmoduleshapes.cod
e.tex
File: pgfmoduleshapes.code.tex 2019/04/04 v3.1.2 (3.1.2)
\pgfnodeparttextbox=\box73
)
(/usr/local/texlive/2019/texmf-dist/tex/generic/pgf/modules/pgfmoduleplot.code.
tex
File: pgfmoduleplot.code.tex 2019/04/04 v3.1.2 (3.1.2)
)
(/usr/local/texlive/2019/texmf-dist/tex/latex/pgf/compatibility/pgfcomp-version
-0-65.sty
Package: pgfcomp-version-0-65 2019/04/04 v3.1.2 (3.1.2)
\pgf@nodesepstart=\dimen298
\pgf@nodesepend=\dimen299
)
(/usr/local/texlive/2019/texmf-dist/tex/latex/pgf/compatibility/pgfcomp-version
-1-18.sty
Package: pgfcomp-version-1-18 2019/04/04 v3.1.2 (3.1.2)
))
(/usr/local/texlive/2019/texmf-dist/tex/latex/pgf/utilities/pgffor.sty
(/usr/local/texlive/2019/texmf-dist/tex/latex/pgf/utilities/pgfkeys.sty
(/usr/local/texlive/2019/texmf-dist/tex/generic/pgf/utilities/pgfkeys.code.tex)
) (/usr/local/texlive/2019/texmf-dist/tex/latex/pgf/math/pgfmath.sty
(/usr/local/texlive/2019/texmf-dist/tex/generic/pgf/math/pgfmath.code.tex))
(/usr/local/texlive/2019/texmf-dist/tex/generic/pgf/utilities/pgffor.code.tex
Package: pgffor 2019/04/04 v3.1.2 (3.1.2)

(/usr/local/texlive/2019/texmf-dist/tex/generic/pgf/math/pgfmath.code.tex)
\pgffor@iter=\dimen300
\pgffor@skip=\dimen301
\pgffor@stack=\toks47
\pgffor@toks=\toks48
))
(/usr/local/texlive/2019/texmf-dist/tex/generic/pgf/frontendlayer/tikz/tikz.cod
e.tex
Package: tikz 2019/04/04 v3.1.2 (3.1.2)

(/usr/local/texlive/2019/texmf-dist/tex/generic/pgf/libraries/pgflibraryplothan
dlers.code.tex
File: pgflibraryplothandlers.code.tex 2019/04/04 v3.1.2 (3.1.2)
\pgf@plot@mark@count=\count317
\pgfplotmarksize=\dimen302
)
\tikz@lastx=\dimen303
\tikz@lasty=\dimen304
\tikz@lastxsaved=\dimen305
\tikz@lastysaved=\dimen306
\tikzleveldistance=\dimen307
\tikzsiblingdistance=\dimen308
\tikz@figbox=\box74
\tikz@figbox@bg=\box75
\tikz@tempbox=\box76
\tikz@tempbox@bg=\box77
\tikztreelevel=\count318
\tikznumberofchildren=\count319
\tikznumberofcurrentchild=\count320
\tikz@fig@count=\count321

(/usr/local/texlive/2019/texmf-dist/tex/generic/pgf/modules/pgfmodulematrix.cod
e.tex
File: pgfmodulematrix.code.tex 2019/04/04 v3.1.2 (3.1.2)
\pgfmatrixcurrentrow=\count322
\pgfmatrixcurrentcolumn=\count323
\pgf@matrix@numberofcolumns=\count324
)
\tikz@expandcount=\count325

(/usr/local/texlive/2019/texmf-dist/tex/generic/pgf/frontendlayer/tikz/librarie
s/tikzlibrarytopaths.code.tex
File: tikzlibrarytopaths.code.tex 2019/04/04 v3.1.2 (3.1.2)
)))
(/usr/local/texlive/2019/texmf-dist/tex/latex/tikz-cd/tikz-cd.sty
Package: tikz-cd 2018/11/19 v0.9f Commutative diagrams with TikZ

(/usr/local/texlive/2019/texmf-dist/tex/generic/tikz-cd/tikzlibrarycd.code.tex
(/usr/local/texlive/2019/texmf-dist/tex/generic/pgf/frontendlayer/tikz/librarie
s/tikzlibrarymatrix.code.tex
File: tikzlibrarymatrix.code.tex 2019/04/04 v3.1.2 (3.1.2)
)
(/usr/local/texlive/2019/texmf-dist/tex/generic/pgf/frontendlayer/tikz/librarie
s/tikzlibraryquotes.code.tex
File: tikzlibraryquotes.code.tex 2019/04/04 v3.1.2 (3.1.2)
)
(/usr/local/texlive/2019/texmf-dist/tex/generic/pgf/libraries/pgflibraryarrows.
meta.code.tex
File: pgflibraryarrows.meta.code.tex 2019/04/04 v3.1.2 (3.1.2)
\pgfarrowinset=\dimen309
\pgfarrowlength=\dimen310
\pgfarrowwidth=\dimen311
\pgfarrowlinewidth=\dimen312
)))
(/usr/local/texlive/2019/texmf-dist/tex/generic/pgf/frontendlayer/tikz/librarie
s/tikzlibrarydecorations.pathmorphing.code.tex
(/usr/local/texlive/2019/texmf-dist/tex/generic/pgf/frontendlayer/tikz/librarie
s/tikzlibrarydecorations.code.tex
(/usr/local/texlive/2019/texmf-dist/tex/generic/pgf/modules/pgfmoduledecoration
s.code.tex
\pgfdecoratedcompleteddistance=\dimen313
\pgfdecoratedremainingdistance=\dimen314
\pgfdecoratedinputsegmentcompleteddistance=\dimen315
\pgfdecoratedinputsegmentremainingdistance=\dimen316
\pgf@decorate@distancetomove=\dimen317
\pgf@decorate@repeatstate=\count326
\pgfdecorationsegmentamplitude=\dimen318
\pgfdecorationsegmentlength=\dimen319
)
\tikz@lib@dec@box=\box78
)
(/usr/local/texlive/2019/texmf-dist/tex/generic/pgf/libraries/decorations/pgfli
brarydecorations.pathmorphing.code.tex))
(/usr/local/texlive/2019/texmf-dist/tex/latex/wrapfig/wrapfig.sty
\wrapoverhang=\dimen320
\WF@size=\dimen321
\c@WF@wrappedlines=\count327
\WF@box=\box79
\WF@everypar=\toks49
Package: wrapfig 2003/01/31  v 3.6
)
(/usr/local/texlive/2019/texmf-dist/tex/latex/enumitem/enumitem.sty
Package: enumitem 2019/02/04 v3.8 Customized lists
\labelindent=\skip70
\enit@outerparindent=\dimen322
\enit@toks=\toks50
\enit@inbox=\box80
\enit@count@id=\count328
\enitdp@description=\count329
)
(/usr/local/texlive/2019/texmf-dist/tex/latex/kantlipsum/kantlipsum.sty
Package: kantlipsum 2017/11/16 v0.7 Generate text in Kantian style
\l__kgl_start_int=\count330
\l__kgl_end_int=\count331

Package kantlipsum Info: The package provides paragraphs 1 to 164. Values
(kantlipsum)             outside this range will be ignored.

)
\c@theorem=\count332

(./names.tex) (./vdbOps.tex) (./proposal.aux

LaTeX Warning: Label `fig:v-alg-def' multiply defined.

)
\openout1 = `proposal.aux'.

LaTeX Font Info:    Checking defaults for OML/cmm/m/it on input line 125.
LaTeX Font Info:    ... okay on input line 125.
LaTeX Font Info:    Checking defaults for T1/cmr/m/n on input line 125.
LaTeX Font Info:    ... okay on input line 125.
LaTeX Font Info:    Checking defaults for OT1/cmr/m/n on input line 125.
LaTeX Font Info:    ... okay on input line 125.
LaTeX Font Info:    Checking defaults for OMS/cmsy/m/n on input line 125.
LaTeX Font Info:    ... okay on input line 125.
LaTeX Font Info:    Checking defaults for OMX/cmex/m/n on input line 125.
LaTeX Font Info:    ... okay on input line 125.
LaTeX Font Info:    Checking defaults for U/cmr/m/n on input line 125.
LaTeX Font Info:    ... okay on input line 125.
LaTeX Font Info:    Checking defaults for PD1/pdf/m/n on input line 125.
LaTeX Font Info:    ... okay on input line 125.
LaTeX Font Info:    Try loading font information for OT1+ptm on input line 125.

 (/usr/local/texlive/2019/texmf-dist/tex/latex/psnfss/ot1ptm.fd
File: ot1ptm.fd 2001/06/04 font definitions for OT1/ptm.
)
\c@lstlisting=\count333
\AtBeginShipoutBox=\box81
Package hyperref Info: Link coloring OFF on input line 125.

(/usr/local/texlive/2019/texmf-dist/tex/latex/hyperref/nameref.sty
Package: nameref 2016/05/21 v2.44 Cross-referencing by name of section

(/usr/local/texlive/2019/texmf-dist/tex/generic/oberdiek/gettitlestring.sty
Package: gettitlestring 2016/05/16 v1.5 Cleanup title references (HO)
)
\c@section@level=\count334
)
LaTeX Info: Redefining \ref on input line 125.
LaTeX Info: Redefining \pageref on input line 125.
LaTeX Info: Redefining \nameref on input line 125.

(./proposal.out) (./proposal.out)
\@outlinefile=\write6
\openout6 = `proposal.out'.


(/usr/local/texlive/2019/texmf-dist/tex/context/base/mkii/supp-pdf.mkii
[Loading MPS to PDF converter (version 2006.09.02).]
\scratchcounter=\count335
\scratchdimen=\dimen323
\scratchbox=\box82
\nofMPsegments=\count336
\nofMParguments=\count337
\everyMPshowfont=\toks51
\MPscratchCnt=\count338
\MPscratchDim=\dimen324
\MPnumerator=\count339
\makeMPintoPDFobject=\count340
\everyMPtoPDFconversion=\toks52
) (/usr/local/texlive/2019/texmf-dist/tex/latex/oberdiek/epstopdf-base.sty
Package: epstopdf-base 2016/05/15 v2.6 Base part for package epstopdf

(/usr/local/texlive/2019/texmf-dist/tex/latex/oberdiek/grfext.sty
Package: grfext 2016/05/16 v1.2 Manage graphics extensions (HO)
)
Package epstopdf-base Info: Redefining graphics rule for `.eps' on input line 4
38.
Package grfext Info: Graphics extension search list:
(grfext)             [.pdf,.png,.jpg,.mps,.jpeg,.jbig2,.jb2,.PDF,.PNG,.JPG,.JPE
G,.JBIG2,.JB2,.eps]
(grfext)             \AppendGraphicsExtensions on input line 456.

(/usr/local/texlive/2019/texmf-dist/tex/latex/latexconfig/epstopdf-sys.cfg
File: epstopdf-sys.cfg 2010/07/13 v1.3 Configuration of (r)epstopdf for TeX Liv
e
))
ABD: EveryShipout initializing macros
LaTeX Font Info:    Try loading font information for OT1+ztmcm on input line 13
8.

(/usr/local/texlive/2019/texmf-dist/tex/latex/psnfss/ot1ztmcm.fd
File: ot1ztmcm.fd 2000/01/03 Fontinst v1.801 font definitions for OT1/ztmcm.
)
LaTeX Font Info:    Try loading font information for OML+ztmcm on input line 13
8.

(/usr/local/texlive/2019/texmf-dist/tex/latex/psnfss/omlztmcm.fd
File: omlztmcm.fd 2000/01/03 Fontinst v1.801 font definitions for OML/ztmcm.
)
LaTeX Font Info:    Try loading font information for OMS+ztmcm on input line 13
8.

(/usr/local/texlive/2019/texmf-dist/tex/latex/psnfss/omsztmcm.fd
File: omsztmcm.fd 2000/01/03 Fontinst v1.801 font definitions for OMS/ztmcm.
)
LaTeX Font Info:    Try loading font information for OMX+ztmcm on input line 13
8.

(/usr/local/texlive/2019/texmf-dist/tex/latex/psnfss/omxztmcm.fd
File: omxztmcm.fd 2000/01/03 Fontinst v1.801 font definitions for OMX/ztmcm.
)
LaTeX Font Info:    Font shape `OT1/ptm/bx/n' in size <12> not available
(Font)              Font shape `OT1/ptm/b/n' tried instead on input line 138.
LaTeX Font Info:    Font shape `OT1/ptm/bx/n' in size <9> not available
(Font)              Font shape `OT1/ptm/b/n' tried instead on input line 138.
LaTeX Font Info:    Font shape `OT1/ptm/bx/n' in size <7> not available
(Font)              Font shape `OT1/ptm/b/n' tried instead on input line 138.
LaTeX Font Info:    Try loading font information for U+stmry on input line 138.


(/usr/local/texlive/2019/texmf-dist/tex/latex/stmaryrd/Ustmry.fd)
LaTeX Font Info:    Font shape `OT1/ptm/bx/n' in size <14.4> not available
(Font)              Font shape `OT1/ptm/b/n' tried instead on input line 139.

(./sections/intro.tex Excluding 'comment' comment. [1

{/usr/local/texlive/2019/texmf-var/fonts/map/pdftex/updmap/pdftex.map}]
LaTeX Font Info:    Try loading font information for OMS+ptm on input line 171.


(/usr/local/texlive/2019/texmf-dist/tex/latex/psnfss/omsptm.fd
File: omsptm.fd 
)
LaTeX Font Info:    Font shape `OMS/ptm/m/n' in size <10.95> not available
(Font)              Font shape `OMS/cmsy/m/n' tried instead on input line 171.
)
(./sections/stmt.tex) (./sections/prelim.tex
LaTeX Font Info:    Font shape `OT1/ptm/bx/n' in size <10.95> not available
(Font)              Font shape `OT1/ptm/b/n' tried instead on input line 12.
LaTeX Font Info:    Font shape `OT1/ptm/bx/n' in size <8> not available
(Font)              Font shape `OT1/ptm/b/n' tried instead on input line 12.
LaTeX Font Info:    Font shape `OT1/ptm/bx/n' in size <6> not available
(Font)              Font shape `OT1/ptm/b/n' tried instead on input line 12.
 [2]
LaTeX Font Info:    Font shape `OT1/ptm/bx/n' in size <10> not available
(Font)              Font shape `OT1/ptm/b/n' tried instead on input line 21.
LaTeX Font Info:    Font shape `OT1/ptm/bx/n' in size <7.4> not available
(Font)              Font shape `OT1/ptm/b/n' tried instead on input line 21.
 (./sections/reldb.tex
(./formulas/rel-alg-def.tex

LaTeX Font Warning: Font shape `U/stmry/b/n' undefined
(Font)              using `U/stmry/m/n' instead on input line 13.

) [3pdfTeX warning (ext4): destination with the same identifier (name{table.1})
 has been already used, duplicate ignored

\AtBegShi@Output ...ipout \box \AtBeginShipoutBox 
                                                  \fi \fi 
l.84 
     ]) (./sections/fcc.tex)) (./sections/goals.tex (./sections/obj1.tex
[4pdfTeX warning (ext4): destination with the same identifier (name{figure.1}) 
has been already used, duplicate ignored

\AtBegShi@Output ...ipout \box \AtBeginShipoutBox 
                                                  \fi \fi 
l.13 
     ] Excluding 'comment' comment. [5pdfTeX warning (ext4): destination with t
he same identifier (name{table.2}) has been already used, duplicate ignored

\AtBegShi@Output ...ipout \box \AtBeginShipoutBox 
                                                  \fi \fi 
l.117 
      ] Excluding 'comment' comment. Excluding 'comment' comment.
LaTeX Font Info:    Font shape `OT1/ptm/bx/n' in size <5> not available
(Font)              Font shape `OT1/ptm/b/n' tried instead on input line 167.

(./sections/motivation.tex
Overfull \hbox (31.94443pt too wide) in paragraph at lines 26--60
 [] 
 []


Package natbib Warning: Citation `vdbSpl18ATW' on page 6 undefined on input lin
e 90.

[6] [7pdfTeX warning (ext4): destination with the same identifier (name{table.3
}) has been already used, duplicate ignored

\AtBegShi@Output ...ipout \box \AtBeginShipoutBox 
                                                  \fi \fi 
l.195 \item
            [\textbf{(\nZero)}]] Excluding 'comment' comment.)
(./sections/encodeVar.tex [8] (./formulas/fexpDef.tex
Excluding 'comment' comment.))) (./sections/obj2.tex [9pdfTeX warning (ext4): d
estination with the same identifier (name{figure.2}) has been already used, dup
licate ignored

\AtBegShi@Output ...ipout \box \AtBeginShipoutBox 
                                                  \fi \fi 
l.17 
     ] Excluding 'comment' comment.

LaTeX Warning: Hyper reference `sec:v-set' on page 10 undefined on input line 5
5.


LaTeX Warning: Reference `sec:v-set' on page 10 undefined on input line 55.

Excluding 'comment' comment. (./sections/vset.tex [10pdfTeX warning (ext4): des
tination with the same identifier (name{table.4}) has been already used, duplic
ate ignored

\AtBegShi@Output ...ipout \box \AtBeginShipoutBox 
                                                  \fi \fi 
l.40 
     ]) (./sections/vsch.tex [11]

LaTeX Warning: Hyper reference `ex:vsch' on page 12 undefined on input line 87.



LaTeX Warning: Hyper reference `ex:vsch' on page 12 undefined on input line 109
.

) (./sections/vtab.tex [12] (./formulas/vdbConf.tex
Overfull \hbox (67.22119pt too wide) detected at line 71
[]
 []

)) (./sections/vrelAlg.tex (./formulas/vRelAlgSyn.tex)

LaTeX Warning: Hyper reference `ex:vq-specific' on page 13 undefined on input l
ine 55.

[13pdfTeX warning (ext4): destination with the same identifier (name{figure.4})
 has been already used, duplicate ignored

\AtBegShi@Output ...ipout \box \AtBeginShipoutBox 
                                                  \fi \fi 
l.64 
     ] [14pdfTeX warning (ext4): destination with the same identifier (name{fig
ure.3}) has been already used, duplicate ignored

\AtBegShi@Output ...ipout \box \AtBeginShipoutBox 
                                                  \fi \fi 
l.64 
     ]

LaTeX Warning: Hyper reference `ex:type' on page 15 undefined on input line 204
.

[15]
Overfull \hbox (9.18636pt too wide) detected at line 251
[]
 []

(./formulas/vRelAlgConfSem.tex)) (./sections/impl.tex (./sections/arch.tex
[16] [17pdfTeX warning (ext4): destination with the same identifier (name{figur
e.5}) has been already used, duplicate ignored

\AtBegShi@Output ...ipout \box \AtBeginShipoutBox 
                                                  \fi \fi 
l.23 
     ] Excluding 'comment' comment. [18]
<figs/arch8.pdf, id=410, 422.53859pt x 286.1892pt>
File: figs/arch8.pdf Graphic file (type pdf)
<use figs/arch8.pdf>
Package pdftex.def Info: figs/arch8.pdf  used on input line 167.
(pdftex.def)             Requested size: 295.775pt x 200.33105pt.
))) (./sections/obj3.tex [19pdfTeX warning (ext4): destination with the same id
entifier (name{figure.6}) has been already used, duplicate ignored

\AtBegShi@Output ...ipout \box \AtBeginShipoutBox 
                                                  \fi \fi 
l.34 
      <./figs/arch8.pdf

pdfTeX warning: /usr/local/texlive/2019/bin/x86_64-darwin/pdflatex (file ./figs
/arch8.pdf): PDF inclusion: invalid other resource which is no dict (key 'ProcS
ets', type <array>); ignored.
>] [20pdfTeX warning (ext4): destination with the same identifier (name{table.5
}) has been already used, duplicate ignored

\AtBegShi@Output ...ipout \box \AtBeginShipoutBox 
                                                  \fi \fi 
l.146 
      ]) (./sections/obj4.tex Excluding 'comment' comment.
Excluding 'comment' comment. (./sections/vdbprops.tex [21pdfTeX warning (ext4):
 destination with the same identifier (name{table.6}) has been already used, du
plicate ignored

\AtBegShi@Output ...ipout \box \AtBeginShipoutBox 
                                                  \fi \fi 
l.18 
     ]) (./sections/typeSys.tex

LaTeX Warning: Hyper reference `ex:conf-vq' on page 22 undefined on input line 
13.

(./formulas/vRelAlgTypingRules.tex

LaTeX Font Warning: Command \small invalid in math mode on input line 6.


LaTeX Font Warning: Command \small invalid in math mode on input line 92.

) [22] [23pdfTeX warning (ext4): destination with the same identifier (name{fig
ure.7}) has been already used, duplicate ignored

\AtBegShi@Output ...ipout \box \AtBeginShipoutBox 
                                                  \fi \fi 
l.81 
     ]

LaTeX Warning: Hyper reference `ex:type' on page 24 undefined on input line 153
.


LaTeX Warning: Hyper reference `ex:vq-specific' on page 24 undefined on input l
ine 162.

[24]) (./sections/constrainVQbySch.tex

LaTeX Warning: Hyper reference `ex:vq-specific' on page 25 undefined on input l
ine 17.

(./formulas/constrainVQbySch.tex) [25]

LaTeX Warning: Hyper reference `ex:type' on page 26 undefined on input line 112
.

) (./sections/varPresProp.tex
Overfull \hbox (40.67133pt too wide) in paragraph at lines 33--34
 [] 
 []


LaTeX Warning: Hyper reference `ex:var-pres' on page 26 undefined on input line
 71.

[26pdfTeX warning (ext4): destination with the same identifier (name{figure.8})
 has been already used, duplicate ignored

\AtBegShi@Output ...ipout \box \AtBeginShipoutBox 
                                                  \fi \fi 
l.75 \label
           {thm:var-pres}]
Overfull \hbox (2.73749pt too wide) in paragraph at lines 76--84
[]\OT1/ptm/m/it/10.95 . 
 []


LaTeX Warning: Hyper reference `ex:conf-vq' on page 27 undefined on input line 
96.

) (./sections/varMin.tex

LaTeX Warning: Hyper reference `ex:vq-specific' on page 27 undefined on input l
ine 9.


LaTeX Warning: Hyper reference `ex:vq-same-intent-mult-vars' on page 27 undefin
ed on input line 9.


LaTeX Font Warning: Command \small invalid in math mode on input line 31.

(./formulas/varMinRules.tex

LaTeX Font Warning: Command \small invalid in math mode on input line 45.


LaTeX Font Warning: Command \small invalid in math mode on input line 45.


LaTeX Font Warning: Command \small invalid in math mode on input line 69.


LaTeX Font Warning: Command \small invalid in math mode on input line 69.

)) [27])
<figs/conn.pdf, id=541, 599.35919pt x 466.62328pt>
File: figs/conn.pdf Graphic file (type pdf)
<use figs/conn.pdf>
Package pdftex.def Info: figs/conn.pdf  used on input line 36.
(pdftex.def)             Requested size: 479.48799pt x 373.29912pt.

Overfull \hbox (9.73297pt too wide) in paragraph at lines 36--38
 [][] 
 []

[28pdfTeX warning (ext4): destination with the same identifier (name{figure.9})
 has been already used, duplicate ignored

\AtBegShi@Output ...ipout \box \AtBeginShipoutBox 
                                                  \fi \fi 
l.74 
     ] [29pdfTeX warning (ext4): destination with the same identifier (name{fig
ure.10}) has been already used, duplicate ignored

\AtBegShi@Output ...ipout \box \AtBeginShipoutBox 
                                                  \fi \fi 
l.74 
      <./figs/conn.pdf

pdfTeX warning: /usr/local/texlive/2019/bin/x86_64-darwin/pdflatex (file ./figs
/conn.pdf): PDF inclusion: invalid other resource which is no dict (key 'ProcSe
ts', type <array>); ignored.
>]) (./sections/relWork.tex Excluding 'comment' comment. [30pdfTeX warning (ext
4): destination with the same identifier (name{table.7}) has been already used,
 duplicate ignored

\AtBegShi@Output ...ipout \box \AtBeginShipoutBox 
                                                  \fi \fi 
l.247 
      ] [31]) (./sections/conclusion.tex [32]) [33] (./proposal.bbl [34]
[35] [36]) (./sections/enronvdb.tex [37] (./sections/enronvsch.tex [38pdfTeX wa
rning (ext4): destination with the same identifier (name{table.8}) has been alr
eady used, duplicate ignored

\AtBegShi@Output ...ipout \box \AtBeginShipoutBox 
                                                  \fi \fi 
l.54 
     ] [39pdfTeX warning (ext4): destination with the same identifier (name{tab
le.9}) has been already used, duplicate ignored

\AtBegShi@Output ...ipout \box \AtBeginShipoutBox 
                                                  \fi \fi 
l.149 
      ]) (./sections/enronpopulate.tex [40] Excluding 'comment' comment.))
(./sections/empvdb.tex (./figures/table-emp-schemas.tex
Overfull \hbox (0.77408pt too wide) in paragraph at lines 16--16
[]|[]|  
 []


Overfull \hbox (0.77408pt too wide) in paragraph at lines 23--23
[]|[]|  
 []


Overfull \hbox (0.77408pt too wide) in paragraph at lines 28--28
[]|[]|  
 []


Overfull \hbox (0.77408pt too wide) in paragraph at lines 35--35
[]|[]|  
 []


Overfull \hbox (0.77408pt too wide) in paragraph at lines 44--44
[]|[]|  
 []

) [41pdfTeX warning (ext4): destination with the same identifier (name{table.10
}) has been already used, duplicate ignored

\AtBegShi@Output ...ipout \box \AtBeginShipoutBox 
                                                  \fi \fi 
l.69 
     ] (./figures/table-emp-vschema.tex) [42pdfTeX warning (ext4): destination 
with the same identifier (name{table.11}) has been already used, duplicate igno
red

\AtBegShi@Output ...ipout \box \AtBeginShipoutBox 
                                                  \fi \fi 
l.176 
      ]) (./sections/qs.tex

LaTeX Warning: Hyper reference `sec:background' on page 43 undefined on input l
ine 57.


LaTeX Warning: Reference `sec:background' on page 43 undefined on input line 57
.

(./sections/enronqs.tex [43] [44]

LaTeX Font Warning: Command \small invalid in math mode on input line 260.


LaTeX Font Warning: Command \small invalid in math mode on input line 260.


LaTeX Font Warning: Command \small invalid in math mode on input line 284.


LaTeX Font Warning: Command \small invalid in math mode on input line 284.

[45]) (./sections/empqs.tex
Overfull \hbox (3.51126pt too wide) detected at line 146
\OML/ztmcm/m/it/10.95 Q[] \OT1/ztmcm/m/n/10.95 = \OML/ztmcm/m/it/10.95 V[] \OMS
/ztmcm/m/n/10.95 _ \OML/ztmcm/m/it/10.95 V[] \OMS/ztmcm/m/n/10.95 _ \OML/ztmcm/
m/it/10.95 V[]\OMS/ztmcm/m/n/10.95 h\OML/ztmcm/m/it/10.95 ^^Y[]\OT1/ztmcm/m/n/1
0.95 ([] \OML/ztmcm/m/it/10.95 .[]/[] []\OT1/ztmcm/m/n/10.95 )\OML/ztmcm/m/it/1
0.95 ; "\OMS/ztmcm/m/n/10.95 i
 []

))

Package natbib Warning: There were undefined citations.

[46]
Package atveryend Info: Empty hook `BeforeClearDocument' on input line 211.
Package atveryend Info: Empty hook `AfterLastShipout' on input line 211.
 (./proposal.aux)
Package atveryend Info: Executing hook `AtVeryEndDocument' on input line 211.
Package atveryend Info: Executing hook `AtEndAfterFileList' on input line 211.
Package rerunfilecheck Info: File `proposal.out' has not changed.
(rerunfilecheck)             Checksum: 9DCDB124AB32364F4D367D7530AB15FD;3334.


LaTeX Font Warning: Some font shapes were not available, defaults substituted.


LaTeX Warning: There were undefined references.


LaTeX Warning: There were multiply-defined labels.

Package atveryend Info: Empty hook `AtVeryVeryEnd' on input line 211.
 ) 
Here is how much of TeX's memory you used:
 32920 strings out of 492616
 621053 string characters out of 6129482
 997671 words of memory out of 5000000
 36008 multiletter control sequences out of 15000+600000
 604994 words of font info for 185 fonts, out of 8000000 for 9000
 1141 hyphenation exceptions out of 8191
 56i,25n,84p,5627b,1021s stack positions out of 5000i,500n,10000p,200000b,80000s
{/usr/local/texlive/2019/texmf-dist/fonts/enc/dvips/base/8r.enc}</usr/local/t
exlive/2019/texmf-dist/fonts/type1/public/amsfonts/cm/cmex10.pfb></usr/local/te
xlive/2019/texmf-dist/fonts/type1/public/amsfonts/cm/cmitt10.pfb></usr/local/te
xlive/2019/texmf-dist/fonts/type1/public/amsfonts/cm/cmmi10.pfb></usr/local/tex
live/2019/texmf-dist/fonts/type1/public/amsfonts/cm/cmr10.pfb></usr/local/texli
ve/2019/texmf-dist/fonts/type1/public/amsfonts/cm/cmss10.pfb></usr/local/texliv
e/2019/texmf-dist/fonts/type1/public/amsfonts/cm/cmss8.pfb></usr/local/texlive/
2019/texmf-dist/fonts/type1/public/amsfonts/cm/cmss9.pfb></usr/local/texlive/20
19/texmf-dist/fonts/type1/public/amsfonts/cm/cmsy10.pfb></usr/local/texlive/201
9/texmf-dist/fonts/type1/public/amsfonts/cm/cmtt10.pfb></usr/local/texlive/2019
/texmf-dist/fonts/type1/public/amsfonts/cm/cmtt9.pfb></usr/local/texlive/2019/t
exmf-dist/fonts/type1/public/amsfonts/symbols/msbm10.pfb></usr/local/texlive/20
19/texmf-dist/fonts/type1/public/rsfs/rsfs10.pfb></usr/local/texlive/2019/texmf
-dist/fonts/type1/public/stmaryrd/stmary10.pfb></usr/local/texlive/2019/texmf-d
ist/fonts/type1/public/stmaryrd/stmary8.pfb></usr/local/texlive/2019/texmf-dist
/fonts/type1/urw/symbol/usyr.pfb></usr/local/texlive/2019/texmf-dist/fonts/type
1/urw/symbol/usyr.pfb></usr/local/texlive/2019/texmf-dist/fonts/type1/urw/times
/utmb8a.pfb></usr/local/texlive/2019/texmf-dist/fonts/type1/urw/times/utmr8a.pf
b></usr/local/texlive/2019/texmf-dist/fonts/type1/urw/times/utmri8a.pfb>
Output written on proposal.pdf (46 pages, 499038 bytes).
PDF statistics:
 889 PDF objects out of 1000 (max. 8388607)
 796 compressed objects within 8 object streams
 188 named destinations out of 1000 (max. 500000)
 327 words of extra memory for PDF output out of 10000 (max. 10000000)

